[INFO] 2025-05-16 10:47:33 - ==============================================
[INFO] 2025-05-16 10:47:33 - PWV数据分析工具 - 运行脚本
[INFO] 2025-05-16 10:47:33 - 基于小米可穿戴设备进行动脉硬化筛查与脑卒中风险预测研究
[INFO] 2025-05-16 10:47:33 - ==============================================
[INFO] 2025-05-16 10:47:33 - 检测到虚拟环境venv
[INFO] 2025-05-16 10:47:33 - 检测到pyenv，切换到Python 3.12.9...
[SUCCESS] 2025-05-16 10:47:33 - 使用Python: Python 3.12.9
[SUCCESS] 2025-05-16 10:47:33 - 使用Python: Python 3.12.9
[INFO] 2025-05-16 10:47:33 - 激活虚拟环境...
[SUCCESS] 2025-05-16 10:47:33 - 虚拟环境已激活
[INFO] 2025-05-16 10:47:33 - 记录虚拟环境包信息...
cloudpickle==3.1.1
contourpy==1.3.2
cycler==0.12.1
et_xmlfile==2.0.0
fonttools==4.58.0
joblib==1.5.0
kaleido==0.2.1
kiwisolver==1.4.8
llvmlite==0.44.0
lxml==5.4.0
Markdown==3.8
matplotlib==3.10.3
narwhals==1.39.0
numba==0.61.2
numpy==2.2.5
nvidia-nccl-cu12==2.26.5
openpyxl==3.1.5
packaging==25.0
pandas==2.2.3
patsy==1.0.1
pillow==11.2.1
plotly==6.0.1
# Editable Git install with no remote (pwv_analysis==2.0.0)
-e /home/alfred/renminandxiaomi
pyparsing==3.2.3
python-dateutil==2.9.0.post0
python-docx==1.1.2
pytz==2025.2
scikit-learn==1.6.1
scipy==1.15.3
seaborn==0.13.2
shap==0.47.2
six==1.17.0
slicer==0.0.8
statsmodels==0.14.4
threadpoolctl==3.6.0
tqdm==4.67.1
typing_extensions==4.13.2
tzdata==2025.2
xgboost==3.0.1
[INFO] 2025-05-16 10:47:34 - 分析脚本检查通过
[INFO] 2025-05-16 10:47:34 - ==============================================
[INFO] 2025-05-16 10:47:34 - 开始运行PWV数据分析流程...
[INFO] 2025-05-16 10:47:34 - 注意: 这个过程可能需要几分钟时间，请耐心等待...
[INFO] 2025-05-16 10:47:34 - ==============================================
Traceback (most recent call last):
  File "/home/alfred/renminandxiaomi/scripts/run_pwv_analysis.py", line 24, in <module>
    from data_processing import load_and_prepare_data
  File "/home/alfred/renminandxiaomi/scripts/data_processing.py", line 481
    if pd.notna(median_value):
IndentationError: unexpected indent
[ERROR] 2025-05-16 10:47:34 - 分析脚本运行失败，退出代码: 1
[ERROR] 2025-05-16 10:47:34 - 请检查日志文件 logs/pwv_analysis_20250516_104733.log 查看详细错误信息
